> Task :gradle-plugin:settings-plugin:checkKotlinGradlePluginConfigurationErrors SKIPPED
> Task :gradle-plugin:shared:checkKotlinGradlePluginConfigurationErrors SKIPPED
> Task :gradle-plugin:shared:compileKotlin UP-TO-DATE
> Task :gradle-plugin:shared:compileJava NO-SOURCE
> Task :gradle-plugin:shared:processResources NO-SOURCE
> Task :gradle-plugin:shared:classes UP-TO-DATE
> Task :gradle-plugin:shared:jar UP-TO-DATE
> Task :gradle-plugin:settings-plugin:compileKotlin UP-TO-DATE
> Task :gradle-plugin:settings-plugin:compileJava NO-SOURCE
> Task :gradle-plugin:settings-plugin:pluginDescriptors UP-TO-DATE
> Task :gradle-plugin:settings-plugin:processResources UP-TO-DATE
> Task :gradle-plugin:settings-plugin:classes UP-TO-DATE
> Task :gradle-plugin:settings-plugin:jar UP-TO-DATE
> Task :gradle-plugin:react-native-gradle-plugin:checkKotlinGradlePluginConfigurationErrors SKIPPED
> Task :gradle-plugin:react-native-gradle-plugin:compileKotlin UP-TO-DATE
> Task :gradle-plugin:react-native-gradle-plugin:compileJava NO-SOURCE
> Task :gradle-plugin:react-native-gradle-plugin:pluginDescriptors UP-TO-DATE
> Task :gradle-plugin:react-native-gradle-plugin:processResources UP-TO-DATE
> Task :gradle-plugin:react-native-gradle-plugin:classes UP-TO-DATE
> Task :gradle-plugin:react-native-gradle-plugin:jar UP-TO-DATE

> Configure project :react-native-firebase_app
:react-native-firebase_app package.json found at /Users/teedon/Desktop/Projects/cooperative-manager/node_modules/@react-native-firebase/app/package.json
:react-native-firebase_app:firebase.bom using default value: 34.6.0
:react-native-firebase_app:play.play-services-auth using default value: 21.4.0
:react-native-firebase_app package.json found at /Users/teedon/Desktop/Projects/cooperative-manager/node_modules/@react-native-firebase/app/package.json
:react-native-firebase_app:version set from package.json: 23.7.0 (23,7,0 - 23007000)
:react-native-firebase_app:android.compileSdk using custom value: 36
:react-native-firebase_app:android.targetSdk using custom value: 36
:react-native-firebase_app:android.minSdk using custom value: 24
:react-native-firebase_app:reactNativeAndroidDir /Users/teedon/Desktop/Projects/cooperative-manager/node_modules/react-native

> Configure project :react-native-firebase_messaging
:react-native-firebase_messaging package.json found at /Users/teedon/Desktop/Projects/cooperative-manager/node_modules/@react-native-firebase/messaging/package.json
:react-native-firebase_app package.json found at /Users/teedon/Desktop/Projects/cooperative-manager/node_modules/@react-native-firebase/app/package.json
:react-native-firebase_messaging:firebase.bom using default value: 34.6.0
:react-native-firebase_messaging package.json found at /Users/teedon/Desktop/Projects/cooperative-manager/node_modules/@react-native-firebase/messaging/package.json
:react-native-firebase_messaging:version set from package.json: 23.7.0 (23,7,0 - 23007000)
:react-native-firebase_messaging:android.compileSdk using custom value: 36
:react-native-firebase_messaging:android.targetSdk using custom value: 36
:react-native-firebase_messaging:android.minSdk using custom value: 24
:react-native-firebase_messaging:reactNativeAndroidDir /Users/teedon/Desktop/Projects/cooperative-manager/node_modules/react-native

> Task :app:externalNativeBuildCleanDebug
Clean react_codegen_safeareacontext-armeabi-v7a, react_codegen_RNCWebViewSpec-armeabi-v7a, react_codegen_RNImagePickerSpec-armeabi-v7a, react_codegen_rnscreens-armeabi-v7a, react_codegen_RNDateTimePickerCGen-armeabi-v7a, appmodules-armeabi-v7a, react_codegen_ReactNativeBlobUtilSpec-armeabi-v7a, react_codegen_rndocumentpicker-armeabi-v7a, react_codegen_rnsvg-armeabi-v7a, react_codegen_rnasyncstorage-armeabi-v7a
Clean react_codegen_safeareacontext-arm64-v8a, react_codegen_RNCWebViewSpec-arm64-v8a, react_codegen_RNImagePickerSpec-arm64-v8a, react_codegen_rnscreens-arm64-v8a, react_codegen_RNDateTimePickerCGen-arm64-v8a, appmodules-arm64-v8a, react_codegen_ReactNativeBlobUtilSpec-arm64-v8a, react_codegen_rndocumentpicker-arm64-v8a, react_codegen_rnsvg-arm64-v8a, react_codegen_rnasyncstorage-arm64-v8a
Clean react_codegen_safeareacontext-x86, react_codegen_RNCWebViewSpec-x86, react_codegen_RNImagePickerSpec-x86, react_codegen_rnscreens-x86, react_codegen_RNDateTimePickerCGen-x86, appmodules-x86, react_codegen_ReactNativeBlobUtilSpec-x86, react_codegen_rndocumentpicker-x86, react_codegen_rnsvg-x86, react_codegen_rnasyncstorage-x86
Clean react_codegen_safeareacontext-x86_64, react_codegen_RNCWebViewSpec-x86_64, react_codegen_RNImagePickerSpec-x86_64, react_codegen_rnscreens-x86_64, react_codegen_RNDateTimePickerCGen-x86_64, appmodules-x86_64, react_codegen_ReactNativeBlobUtilSpec-x86_64, react_codegen_rndocumentpicker-x86_64, react_codegen_rnsvg-x86_64, react_codegen_rnasyncstorage-x86_64

> Task :app:externalNativeBuildCleanDebugOptimized

> Task :app:externalNativeBuildCleanRelease
Clean react_codegen_safeareacontext-armeabi-v7a, react_codegen_RNCWebViewSpec-armeabi-v7a, react_codegen_RNImagePickerSpec-armeabi-v7a, react_codegen_rnscreens-armeabi-v7a, react_codegen_RNDateTimePickerCGen-armeabi-v7a, appmodules-armeabi-v7a, react_codegen_ReactNativeBlobUtilSpec-armeabi-v7a, react_codegen_rndocumentpicker-armeabi-v7a, react_codegen_rnsvg-armeabi-v7a, react_codegen_rnasyncstorage-armeabi-v7a
Clean react_codegen_safeareacontext-arm64-v8a, react_codegen_RNCWebViewSpec-arm64-v8a, react_codegen_RNImagePickerSpec-arm64-v8a, react_codegen_rnscreens-arm64-v8a, react_codegen_RNDateTimePickerCGen-arm64-v8a, appmodules-arm64-v8a, react_codegen_ReactNativeBlobUtilSpec-arm64-v8a, react_codegen_rndocumentpicker-arm64-v8a, react_codegen_rnsvg-arm64-v8a, react_codegen_rnasyncstorage-arm64-v8a
Clean react_codegen_safeareacontext-x86, react_codegen_RNCWebViewSpec-x86, react_codegen_RNImagePickerSpec-x86, react_codegen_rnscreens-x86, react_codegen_RNDateTimePickerCGen-x86, appmodules-x86, react_codegen_ReactNativeBlobUtilSpec-x86, react_codegen_rndocumentpicker-x86, react_codegen_rnsvg-x86, react_codegen_rnasyncstorage-x86
Clean react_codegen_safeareacontext-x86_64, react_codegen_RNCWebViewSpec-x86_64, react_codegen_RNImagePickerSpec-x86_64, react_codegen_rnscreens-x86_64, react_codegen_RNDateTimePickerCGen-x86_64, appmodules-x86_64, react_codegen_ReactNativeBlobUtilSpec-x86_64, react_codegen_rndocumentpicker-x86_64, react_codegen_rnsvg-x86_64, react_codegen_rnasyncstorage-x86_64

> Task :app:clean
> Task :react-native-async-storage_async-storage:clean
> Task :react-native-blob-util:clean
> Task :react-native-community_datetimepicker:clean
> Task :react-native-document-picker:clean
> Task :react-native-firebase_app:clean
> Task :react-native-firebase_messaging:clean
> Task :react-native-image-picker:clean
> Task :react-native-linear-gradient:clean
> Task :react-native-safe-area-context:clean

> Task :react-native-screens:externalNativeBuildCleanDebug
Clean rnscreens-armeabi-v7a
Clean rnscreens-arm64-v8a
Clean rnscreens-x86
Clean rnscreens-x86_64

> Task :react-native-screens:externalNativeBuildCleanRelease
Clean rnscreens-armeabi-v7a
Clean rnscreens-arm64-v8a
Clean rnscreens-x86
Clean rnscreens-x86_64

> Task :react-native-screens:clean
> Task :react-native-svg:clean
> Task :react-native-webview:clean
> Task :app:generateAutolinkingNewArchitectureFiles
> Task :app:generateAutolinkingPackageList
> Task :app:generateCodegenSchemaFromJavaScript SKIPPED
> Task :app:generateCodegenArtifactsFromSchema SKIPPED
> Task :app:generateReactNativeEntryPoint
> Task :react-native-async-storage_async-storage:generateCodegenSchemaFromJavaScript
> Task :react-native-async-storage_async-storage:generateCodegenArtifactsFromSchema
> Task :react-native-async-storage_async-storage:preBuild
> Task :react-native-blob-util:generateCodegenSchemaFromJavaScript
> Task :react-native-blob-util:generateCodegenArtifactsFromSchema
> Task :react-native-blob-util:preBuild
> Task :react-native-community_datetimepicker:generateCodegenSchemaFromJavaScript
> Task :react-native-community_datetimepicker:generateCodegenArtifactsFromSchema
> Task :react-native-community_datetimepicker:preBuild
> Task :react-native-document-picker:generateCodegenSchemaFromJavaScript
> Task :react-native-document-picker:generateCodegenArtifactsFromSchema
> Task :react-native-document-picker:preBuild
> Task :react-native-firebase_app:preBuild UP-TO-DATE
> Task :react-native-firebase_messaging:preBuild UP-TO-DATE
> Task :react-native-image-picker:generateCodegenSchemaFromJavaScript
> Task :react-native-image-picker:generateCodegenArtifactsFromSchema
> Task :react-native-image-picker:preBuild
> Task :react-native-linear-gradient:preBuild UP-TO-DATE
> Task :react-native-safe-area-context:generateCodegenSchemaFromJavaScript
> Task :react-native-safe-area-context:generateCodegenArtifactsFromSchema
> Task :react-native-safe-area-context:preBuild
> Task :react-native-screens:generateCodegenSchemaFromJavaScript
